✔ [2/26] Built NesyFormalization.EnvFormalization (4.8s)
✔ [3/26] Built NesyFormalization.MapSemantics (542ms)
✔ [4/26] Built NesyFormalization.DSLExecution (1.2s)
✔ [5/26] Built NesyFormalization.NsiAgentFormalization (2.1s)
✔ [6/26] Built NesyFormalization.MonsterDanger (484ms)
✔ [7/26] Built NesyFormalization.SafetyShield (568ms)
✔ [8/26] Built NesyFormalization.TrackerFormalization (1.2s)
✔ [9/26] Built NesyFormalization.SkillContracts (554ms)
✔ [10/26] Built NesyFormalization.HighPlanner (501ms)
✔ [11/26] Built NesyFormalization.GridBfs (1.0s)
✔ [12/26] Built NesyFormalization.GoToTile (463ms)
✔ [13/26] Built NesyFormalization.RoomBfs (2.9s)
✔ [14/26] Built NesyFormalization.Composition (602ms)
✔ [15/26] Built NesyFormalization.TaskCompletion (413ms)
✔ [16/26] Built NesyFormalization.IntegratedExecution (606ms)
✔ [17/26] Built NesyFormalization.WorldDSL (1.3s)
⚠ [18/26] Built NesyFormalization.GenericPlanner (731ms)
warning: NesyFormalization/GenericPlanner.lean:62:24: unused variable `state`

Note: This linter can be disabled with `set_option linter.unusedVariables false`
✔ [19/26] Built NesyFormalization.Task2 (617ms)
✔ [20/26] Built NesyFormalization.Task1 (628ms)
✔ [21/26] Built NesyFormalization.Task5 (971ms)
✔ [22/26] Built NesyFormalization.Task4 (1.1s)
✔ [23/26] Built NesyFormalization.Task3 (771ms)
✔ [24/26] Built NesyFormalization.TheoremList (362ms)
✔ [25/26] Built NesyFormalization (360ms)
Build completed successfully (26 jobs).
